<?xml version="1.0" encoding="UTF-8"?>
<!-- Generated by org.testng.reporters.JUnitReportReporter -->
<testsuite hostname="Asnawas" failures="0" tests="1" name="testcases.TC_18_Search_products_and_verify_cart_after_login" time="68.002" errors="0" timestamp="2024-01-21T20:17:02 IST" skipped="0">
  <testcase classname="testcases.TC_18_Search_products_and_verify_cart_after_login" name="tc18" time="68.002"/>
  <system-out/>
</testsuite> <!-- testcases.TC_18_Search_products_and_verify_cart_after_login -->
