<?xml version="1.0" encoding="UTF-8"?>
<!-- Generated by org.testng.reporters.JUnitReportReporter -->
<testsuite hostname="Asnawas" failures="0" tests="1" name="testcases.TC_19_Add_review_on_product" time="29.207" errors="0" timestamp="2024-01-23T06:28:02 IST" skipped="0">
  <testcase classname="testcases.TC_19_Add_review_on_product" name="review" time="29.207"/>
  <system-out/>
</testsuite> <!-- testcases.TC_19_Add_review_on_product -->
