<?xml version="1.0" encoding="UTF-8"?>
<!-- Generated by org.testng.reporters.JUnitReportReporter -->
<testsuite hostname="Asnawas" failures="0" tests="1" name="testcases.TC_13_Place_order_register_while_checkout" time="50.211" errors="0" timestamp="2024-01-19T16:44:58 IST" skipped="0">
  <testcase classname="testcases.TC_13_Place_order_register_while_checkout" name="placeorder" time="50.211"/>
  <system-out/>
</testsuite> <!-- testcases.TC_13_Place_order_register_while_checkout -->
