<?xml version="1.0" encoding="UTF-8"?>
<!-- Generated by org.testng.reporters.JUnitReportReporter -->
<testsuite hostname="Asnawas" failures="0" tests="1" name="testcases.TC_14_Place_order_register_before_checkout" time="48.707" errors="0" timestamp="2024-01-20T07:25:16 IST" skipped="0">
  <testcase classname="testcases.TC_14_Place_order_register_before_checkout" name="bfrcheckout" time="48.707"/>
  <system-out/>
</testsuite> <!-- testcases.TC_14_Place_order_register_before_checkout -->
