<?xml version="1.0" encoding="UTF-8"?>
<!-- Generated by org.testng.reporters.JUnitReportReporter -->
<testsuite hostname="Asnawas" failures="0" tests="1" name="testcases.TC_009_Searchproduct" time="32.629" errors="0" timestamp="2024-01-09T06:56:45 IST" skipped="0">
  <testcase classname="testcases.TC_009_Searchproduct" name="searchproduct" time="32.629"/>
  <system-out/>
</testsuite> <!-- testcases.TC_009_Searchproduct -->
