<?xml version="1.0" encoding="UTF-8"?>
<!-- Generated by org.testng.reporters.JUnitReportReporter -->
<testsuite hostname="Asnawas" failures="0" tests="1" name="testcases.TC_005_Log_out" time="31.488" errors="0" timestamp="2023-12-31T13:00:20 IST" skipped="0">
  <testcase classname="testcases.TC_005_Log_out" name="lout" time="31.488"/>
  <system-out/>
</testsuite> <!-- testcases.TC_005_Log_out -->
