<?xml version="1.0" encoding="UTF-8"?>
<!-- Generated by org.testng.reporters.JUnitReportReporter -->
<testsuite hostname="Asnawas" failures="0" tests="1" name="testcases.TC_16_View_category_products" time="12.814" errors="0" timestamp="2024-01-21T07:14:35 IST" skipped="0">
  <testcase classname="testcases.TC_16_View_category_products" name="view_category" time="12.814"/>
  <system-out/>
</testsuite> <!-- testcases.TC_16_View_category_products -->
