<?xml version="1.0" encoding="UTF-8"?>
<!-- Generated by org.testng.reporters.JUnitReportReporter -->
<testsuite hostname="Asnawas" failures="0" tests="1" name="testcases.TC_11_Addproductsto_cart" time="9.745" errors="0" timestamp="2024-01-14T07:09:03 IST" skipped="0">
  <testcase classname="testcases.TC_11_Addproductsto_cart" name="addcart" time="9.745"/>
  <system-out/>
</testsuite> <!-- testcases.TC_11_Addproductsto_cart -->
