<?xml version="1.0" encoding="UTF-8"?>
<!-- Generated by org.testng.reporters.JUnitReportReporter -->
<testsuite hostname="Asnawas" failures="0" tests="1" name="testcases.TC_12_increaseproductquantity" time="31.397" errors="0" timestamp="2024-01-18T16:19:43 IST" skipped="0">
  <testcase classname="testcases.TC_12_increaseproductquantity" name="increaseqt" time="31.397"/>
  <system-out/>
</testsuite> <!-- testcases.TC_12_increaseproductquantity -->
