<?xml version="1.0" encoding="UTF-8"?>
<!-- Generated by org.testng.reporters.JUnitReportReporter -->
<testsuite hostname="Asnawas" failures="0" tests="1" name="testcases.TC_003_enteraccinformation" time="38.061" errors="0" timestamp="2023-12-31T12:12:11 IST" skipped="0">
  <testcase classname="testcases.TC_003_enteraccinformation" name="enteraccinformation" time="38.061"/>
  <system-out/>
</testsuite> <!-- testcases.TC_003_enteraccinformation -->
