<?xml version="1.0" encoding="UTF-8"?>
<!-- Generated by org.testng.reporters.JUnitReportReporter -->
<testsuite hostname="Asnawas" failures="0" tests="1" name="testcases.TC_002_Newusersignup" time="25.669" errors="0" timestamp="2023-12-30T11:52:17 IST" skipped="0">
  <testcase classname="testcases.TC_002_Newusersignup" name="newusersignup" time="25.669"/>
  <system-out/>
</testsuite> <!-- testcases.TC_002_Newusersignup -->
