<?xml version="1.0" encoding="UTF-8"?>
<!-- Generated by org.testng.reporters.JUnitReportReporter -->
<testsuite hostname="Asnawas" failures="0" tests="1" name="testcases.TC_004_login" time="30.666" errors="0" timestamp="2023-12-31T12:44:55 IST" skipped="0">
  <testcase classname="testcases.TC_004_login" name="login" time="30.666"/>
  <system-out/>
</testsuite> <!-- testcases.TC_004_login -->
