<?xml version="1.0" encoding="UTF-8"?>
<!-- Generated by org.testng.reporters.JUnitReportReporter -->
<testsuite hostname="Asnawas" failures="0" tests="1" name="testcases.TC_20_Add_to_cart_from_recommended_items" time="18.382" errors="0" timestamp="2024-01-23T06:52:52 IST" skipped="0">
  <testcase classname="testcases.TC_20_Add_to_cart_from_recommended_items" name="items" time="18.382"/>
  <system-out/>
</testsuite> <!-- testcases.TC_20_Add_to_cart_from_recommended_items -->
