<?xml version="1.0" encoding="UTF-8"?>
<!-- Generated by org.testng.reporters.JUnitReportReporter -->
<testsuite hostname="Asnawas" failures="0" tests="1" name="testcases.TC_006_alreadyregistered" time="25.792" errors="0" timestamp="2024-01-04T07:13:31 IST" skipped="0">
  <testcase classname="testcases.TC_006_alreadyregistered" name="alredyregister" time="25.792"/>
  <system-out/>
</testsuite> <!-- testcases.TC_006_alreadyregistered -->
