<?xml version="1.0" encoding="UTF-8"?>
<!-- Generated by org.testng.reporters.JUnitReportReporter -->
<testsuite hostname="Asnawas" failures="0" tests="1" name="testcases.TC_15_Remove_products_from_cart" time="15.062" errors="0" timestamp="2024-01-20T17:53:11 IST" skipped="0">
  <testcase classname="testcases.TC_15_Remove_products_from_cart" name="remove_prd" time="15.062"/>
  <system-out/>
</testsuite> <!-- testcases.TC_15_Remove_products_from_cart -->
