<?xml version="1.0" encoding="UTF-8"?>
<!-- Generated by org.testng.reporters.JUnitReportReporter -->
<testsuite hostname="Asnawas" failures="0" tests="1" name="testcases.TC_10_Verifyingsubscription" time="2.718" errors="0" timestamp="2024-01-13T12:25:57 IST" skipped="0">
  <testcase classname="testcases.TC_10_Verifyingsubscription" name="verifysubscription" time="2.718"/>
  <system-out/>
</testsuite> <!-- testcases.TC_10_Verifyingsubscription -->
