<?xml version="1.0" encoding="UTF-8"?>
<!-- Generated by org.testng.reporters.JUnitReportReporter -->
<testsuite hostname="Asnawas" failures="0" tests="1" name="testcases.TC_17_View_and_cart_brandproducts" time="11.884" errors="0" timestamp="2024-01-21T19:21:41 IST" skipped="0">
  <testcase classname="testcases.TC_17_View_and_cart_brandproducts" name="brand" time="11.884"/>
  <system-out/>
</testsuite> <!-- testcases.TC_17_View_and_cart_brandproducts -->
