<?xml version="1.0" encoding="UTF-8"?>
<!-- Generated by org.testng.reporters.JUnitReportReporter -->
<testsuite hostname="Asnawas" failures="0" tests="1" name="testcases.TC_001_clickingnewregistraton" time="6.582" errors="0" timestamp="2023-12-29T07:03:17 IST" skipped="0">
  <testcase classname="testcases.TC_001_clickingnewregistraton" name="clickingregister" time="6.582"/>
  <system-out/>
</testsuite> <!-- testcases.TC_001_clickingnewregistraton -->
