<?xml version="1.0" encoding="UTF-8"?>
<!-- Generated by org.testng.reporters.JUnitReportReporter -->
<testsuite hostname="Asnawas" failures="0" tests="1" name="testcases.TC_008_productdetail" time="31.860" errors="0" timestamp="2024-01-09T06:20:33 IST" skipped="0">
  <testcase classname="testcases.TC_008_productdetail" name="productdetails" time="31.860"/>
  <system-out/>
</testsuite> <!-- testcases.TC_008_productdetail -->
